<?xml version="1.0" encoding="UTF-8"?>
<robot generator="Robot 3.1.2 (Python 3.8.0 on win32)" generated="20191202 11:53:22.464" rpa="false">
<suite id="s1" name="TC1" source="C:\Users\jvishnugowtham\PycharmProjects\WebFramework\TestCase\TC1.robot">
<test id="s1-t1" name="Valid Login">
<kw name="Open Browser To TestLink" library="LoginKeyword">
<kw name="Open Browser" library="Selenium2Library">
<doc>Opens a new browser instance to the optional ``url``.</doc>
<arguments>
<arg>${LOGIN URL}</arg>
<arg>${BROWSER}</arg>
</arguments>
<msg timestamp="20191202 11:53:22.729" level="INFO">Opening browser 'Chrome' to base url 'http://testlink.inlogic.in:8009/testlink/login.php'.</msg>
<status status="PASS" starttime="20191202 11:53:22.729" endtime="20191202 11:53:25.940"></status>
</kw>
<kw name="Title Should Be" library="Selenium2Library">
<doc>Verifies that the current page title equals ``title``.</doc>
<arguments>
<arg>TestLink</arg>
</arguments>
<msg timestamp="20191202 11:53:25.956" level="INFO">Page title is 'TestLink'.</msg>
<status status="PASS" starttime="20191202 11:53:25.941" endtime="20191202 11:53:25.956"></status>
</kw>
<status status="PASS" starttime="20191202 11:53:22.728" endtime="20191202 11:53:25.956"></status>
</kw>
<kw name="Input Username" library="LoginKeyword">
<arguments>
<arg>vishnu</arg>
</arguments>
<kw name="Input Text" library="Selenium2Library">
<doc>Types the given ``text`` into the text field identified by ``locator``.</doc>
<arguments>
<arg>${txt_LoginName}</arg>
<arg>${username}</arg>
</arguments>
<msg timestamp="20191202 11:53:25.958" level="INFO">Typing text 'vishnu' into text field 'name:tl_login'.</msg>
<status status="PASS" starttime="20191202 11:53:25.957" endtime="20191202 11:53:26.044"></status>
</kw>
<status status="PASS" starttime="20191202 11:53:25.957" endtime="20191202 11:53:26.044"></status>
</kw>
<kw name="Input Password" library="LoginKeyword">
<arguments>
<arg>testlink</arg>
</arguments>
<kw name="Input Text" library="Selenium2Library">
<doc>Types the given ``text`` into the text field identified by ``locator``.</doc>
<arguments>
<arg>${txt_LoginPassword}</arg>
<arg>${password}</arg>
</arguments>
<msg timestamp="20191202 11:53:26.045" level="INFO">Typing text 'testlink' into text field 'name:tl_password'.</msg>
<status status="PASS" starttime="20191202 11:53:26.045" endtime="20191202 11:53:26.146"></status>
</kw>
<status status="PASS" starttime="20191202 11:53:26.045" endtime="20191202 11:53:26.146"></status>
</kw>
<kw name="Submit Credentials" library="LoginKeyword">
<kw name="Click Button" library="Selenium2Library">
<doc>Clicks the button identified by ``locator``.</doc>
<arguments>
<arg>${btn_Login}</arg>
</arguments>
<msg timestamp="20191202 11:53:26.147" level="INFO">Clicking button 'name:login_submit'.</msg>
<status status="PASS" starttime="20191202 11:53:26.147" endtime="20191202 11:53:28.691"></status>
</kw>
<status status="PASS" starttime="20191202 11:53:26.146" endtime="20191202 11:53:28.691"></status>
</kw>
<kw name="Close Browser" library="Selenium2Library" type="teardown">
<doc>Closes the current browser.</doc>
<status status="PASS" starttime="20191202 11:53:28.692" endtime="20191202 11:53:31.034"></status>
</kw>
<status status="PASS" starttime="20191202 11:53:22.727" endtime="20191202 11:53:31.035" critical="yes"></status>
</test>
<status status="PASS" starttime="20191202 11:53:22.467" endtime="20191202 11:53:31.040"></status>
</suite>
<statistics>
<total>
<stat pass="1" fail="0">Critical Tests</stat>
<stat pass="1" fail="0">All Tests</stat>
</total>
<tag>
</tag>
<suite>
<stat pass="1" fail="0" id="s1" name="TC1">TC1</stat>
</suite>
</statistics>
<errors>
</errors>
</robot>
